
> puzzle@0.1.0 serve /Users/shaojintian/VueProjects/puzzle
> vue-cli-service serve

 INFO  Starting development server...
<s> [webpack.Progress] 0% compiling
<s> [webpack.Progress] 10% building 0/0 modules 0 active 
<s> [webpack.Progress] 10% building 0/1 modules 1 active multi /Users/shaojintian/VueProjects/puzzle/node_modules/webpack-dev-server/client/index.js?http://192.168.0.101:8082/sockjs-node /Users/shaojintian/VueProjects/puzzle/node_modules/webpack/hot/dev-server.js ./src/main.js
<s> [webpack.Progress] 10% building 1/1 modules 0 active 
<s> [webpack.Progress] 10% building 1/1 modules 0 active 
<s> [webpack.Progress] 10% building 1/2 modules 1 active multi /Users/shaojintian/VueProjects/puzzle/node_modules/webpack/hot/dev-server.js /Users/shaojintian/VueProjects/puzzle/node_modules/webpack-dev-server/client/index.js?http://192.168.0.101:8082/sockjs-node ./src/main.js
<s> [webpack.Progress] 10% building 2/2 modules 0 active 
<s> [webpack.Progress] 10% building 2/3 modules 1 active /Users/shaojintian/VueProjects/puzzle/node_modules/cache-loader/dist/cjs.js??ref--12-0!/Users/shaojintian/VueProjects/puzzle/node_modules/babel-loader/lib/index.js!/Users/shaojintian/VueProjects/puzzle/node_modules/eslint-loader/index.js??ref--13-0!/Users/shaojintian/VueProjects/puzzle/src/main.js
<s> [webpack.Progress] 10% building 2/4 modules 2 active /Users/shaojintian/VueProjects/puzzle/node_modules/webpack/hot/dev-server.js
<s> [webpack.Progress] 10% building 2/5 modules 3 active /Users/shaojintian/VueProjects/puzzle/node_modules/webpack-dev-server/client/index.js?http://192.168.0.101:8082/sockjs-node
<s> [webpack.Progress] 10% building 3/5 modules 2 active /Users/shaojintian/VueProjects/puzzle/node_modules/webpack-dev-server/client/index.js?http://192.168.0.101:8082/sockjs-node
<s> [webpack.Progress] 10% building 4/5 modules 1 active /Users/shaojintian/VueProjects/puzzle/node_modules/webpack-dev-server/client/index.js?http://192.168.0.101:8082/sockjs-node
<s> [webpack.Progress] 10% building 5/5 modules 0 active 
<s> [webpack.Progress] 40% building 5/5 modules 0 active 
<s> [webpack.Progress] 40% building 5/6 modules 1 active /Users/shaojintian/VueProjects/puzzle/node_modules/webpack/hot sync nonrecursive /^\.\/log$/
<s> [webpack.Progress] 40% building 5/7 modules 2 active /Users/shaojintian/VueProjects/puzzle/node_modules/webpack/hot/log-apply-result.js
<s> [webpack.Progress] 40% building 5/8 modules 3 active /Users/shaojintian/VueProjects/puzzle/node_modules/webpack/hot/emitter.js
<s> [webpack.Progress] 40% building 5/9 modules 4 active /Users/shaojintian/VueProjects/puzzle/node_modules/webpack/hot/log.js
<s> [webpack.Progress] 40% building 6/9 modules 3 active /Users/shaojintian/VueProjects/puzzle/node_modules/webpack/hot/log.js
<s> [webpack.Progress] 40% building 6/10 modules 4 active /Users/shaojintian/VueProjects/puzzle/node_modules/webpack-dev-server/client/socket.js
<s> [webpack.Progress] 40% building 6/11 modules 5 active /Users/shaojintian/VueProjects/puzzle/node_modules/webpack-dev-server/client/overlay.js
<s> [webpack.Progress] 40% building 6/12 modules 6 active /Users/shaojintian/VueProjects/puzzle/node_modules/webpack-dev-server/client/utils/log.js
<s> [webpack.Progress] 40% building 6/13 modules 7 active /Users/shaojintian/VueProjects/puzzle/node_modules/webpack-dev-server/client/utils/reloadApp.js
<s> [webpack.Progress] 40% building 6/14 modules 8 active /Users/shaojintian/VueProjects/puzzle/node_modules/webpack-dev-server/client/utils/sendMessage.js
<s> [webpack.Progress] 40% building 6/15 modules 9 active /Users/shaojintian/VueProjects/puzzle/node_modules/webpack-dev-server/client/utils/createSocketUrl.js
<s> [webpack.Progress] 40% building 6/16 modules 10 active /Users/shaojintian/VueProjects/puzzle/node_modules/core-js/modules/es.array.iterator.js
<s> [webpack.Progress] 40% building 6/17 modules 11 active /Users/shaojintian/VueProjects/puzzle/node_modules/core-js/modules/es.promise.js
<s> [webpack.Progress] 40% building 6/18 modules 12 active /Users/shaojintian/VueProjects/puzzle/node_modules/core-js/modules/es.object.assign.js
<s> [webpack.Progress] 40% building 6/19 modules 13 active /Users/shaojintian/VueProjects/puzzle/node_modules/core-js/modules/es.promise.finally.js
<s> [webpack.Progress] 40% building 7/19 modules 12 active /Users/shaojintian/VueProjects/puzzle/node_modules/core-js/modules/es.promise.finally.js
<s> [webpack.Progress] 40% building 8/19 modules 11 active /Users/shaojintian/VueProjects/puzzle/node_modules/core-js/modules/es.promise.finally.js
<s> [webpack.Progress] 40% building 9/19 modules 10 active /Users/shaojintian/VueProjects/puzzle/node_modules/core-js/modules/es.promise.finally.js
<s> [webpack.Progress] 40% building 9/20 modules 11 active /Users/shaojintian/VueProjects/puzzle/node_modules/cache-loader/dist/cjs.js??ref--0-0!/Users/shaojintian/VueProjects/puzzle/node_modules/vue-loader/lib/index.js??vue-loader-options!/Users/shaojintian/VueProjects/puzzle/node_modules/eslint-loader/index.js??ref--13-0!/Users/shaojintian/VueProjects/puzzle/src/App.vue
<s> [webpack.Progress] 40% building 10/20 modules 10 active /Users/shaojintian/VueProjects/puzzle/node_modules/cache-loader/dist/cjs.js??ref--0-0!/Users/shaojintian/VueProjects/puzzle/node_modules/vue-loader/lib/index.js??vue-loader-options!/Users/shaojintian/VueProjects/puzzle/node_modules/eslint-loader/index.js??ref--13-0!/Users/shaojintian/VueProjects/puzzle/src/App.vue
<s> [webpack.Progress] 40% building 11/20 modules 9 active /Users/shaojintian/VueProjects/puzzle/node_modules/cache-loader/dist/cjs.js??ref--0-0!/Users/shaojintian/VueProjects/puzzle/node_modules/vue-loader/lib/index.js??vue-loader-options!/Users/shaojintian/VueProjects/puzzle/node_modules/eslint-loader/index.js??ref--13-0!/Users/shaojintian/VueProjects/puzzle/src/App.vue
<s> [webpack.Progress] 40% building 11/21 modules 10 active /Users/shaojintian/VueProjects/puzzle/node_modules/vue/dist/vue.runtime.esm.js
<s> [webpack.Progress] 40% building 12/21 modules 9 active /Users/shaojintian/VueProjects/puzzle/node_modules/vue/dist/vue.runtime.esm.js
<s> [webpack.Progress] 40% building 13/21 modules 8 active /Users/shaojintian/VueProjects/puzzle/node_modules/vue/dist/vue.runtime.esm.js
<s> [webpack.Progress] 40% building 14/21 modules 7 active /Users/shaojintian/VueProjects/puzzle/node_modules/vue/dist/vue.runtime.esm.js
<s> [webpack.Progress] 40% building 15/21 modules 6 active /Users/shaojintian/VueProjects/puzzle/node_modules/vue/dist/vue.runtime.esm.js
<s> [webpack.Progress] 40% building 16/21 modules 5 active /Users/shaojintian/VueProjects/puzzle/node_modules/vue/dist/vue.runtime.esm.js
<s> [webpack.Progress] 40% building 17/21 modules 4 active /Users/shaojintian/VueProjects/puzzle/node_modules/vue/dist/vue.runtime.esm.js
<s> [webpack.Progress] 40% building 18/21 modules 3 active /Users/shaojintian/VueProjects/puzzle/node_modules/vue/dist/vue.runtime.esm.js
<s> [webpack.Progress] 40% building 19/21 modules 2 active /Users/shaojintian/VueProjects/puzzle/node_modules/vue/dist/vue.runtime.esm.js
<s> [webpack.Progress] 40% building 20/21 modules 1 active /Users/shaojintian/VueProjects/puzzle/node_modules/vue/dist/vue.runtime.esm.js
<s> [webpack.Progress] 40% building 21/21 modules 0 active 
<s> [webpack.Progress] 40% building 21/22 modules 1 active /Users/shaojintian/VueProjects/puzzle/node_modules/webpack/buildin/global.js
<s> [webpack.Progress] 40% building 21/23 modules 2 active /Users/shaojintian/VueProjects/puzzle/node_modules/webpack-dev-server/client/clients/SockJSClient.js
<s> [webpack.Progress] 40% building 21/24 modules 3 active /Users/shaojintian/VueProjects/puzzle/node_modules/events/events.js
<s> [webpack.Progress] 40% building 21/25 modules 4 active /Users/shaojintian/VueProjects/puzzle/node_modules/vue-loader/lib/loaders/pitcher.js??ref--4!/Users/shaojintian/VueProjects/puzzle/node_modules/cache-loader/dist/cjs.js??ref--0-0!/Users/shaojintian/VueProjects/puzzle/node_modules/vue-loader/lib/index.js??vue-loader-options!/Users/shaojintian/VueProjects/puzzle/node_modules/eslint-loader/index.js??ref--13-0!/Users/shaojintian/VueProjects/puzzle/src/App.vue?vue&type=template&id=7ba5bd90&
<s> [webpack.Progress] 40% building 22/25 modules 3 active /Users/shaojintian/VueProjects/puzzle/node_modules/events/events.js
<s> [webpack.Progress] 40% building 22/26 modules 4 active /Users/shaojintian/VueProjects/puzzle/node_modules/vue-loader/lib/loaders/pitcher.js??ref--4!/Users/shaojintian/VueProjects/puzzle/node_modules/cache-loader/dist/cjs.js??ref--12-0!/Users/shaojintian/VueProjects/puzzle/node_modules/babel-loader/lib/index.js!/Users/shaojintian/VueProjects/puzzle/node_modules/cache-loader/dist/cjs.js??ref--0-0!/Users/shaojintian/VueProjects/puzzle/node_modules/vue-loader/lib/index.js??vue-loader-options!/Users/shaojintian/VueProjects/puzzle/node_modules/eslint-loader/index.js??ref--13-0!/Users/shaojintian/VueProjects/puzzle/node_modules/eslint-loader/index.js??ref--13-0!/Users/shaojintian/VueProjects/puzzle/src/App.vue?vue&type=script&lang=js&
<s> [webpack.Progress] 40% building 23/26 modules 3 active /Users/shaojintian/VueProjects/puzzle/node_modules/events/events.js
<s> [webpack.Progress] 40% building 23/27 modules 4 active /Users/shaojintian/VueProjects/puzzle/node_modules/cache-loader/dist/cjs.js??ref--12-0!/Users/shaojintian/VueProjects/puzzle/node_modules/babel-loader/lib/index.js!/Users/shaojintian/VueProjects/puzzle/node_modules/cache-loader/dist/cjs.js??ref--0-0!/Users/shaojintian/VueProjects/puzzle/node_modules/vue-loader/lib/index.js??vue-loader-options!/Users/shaojintian/VueProjects/puzzle/src/App.vue?vue&type=script&lang=js&
<s> [webpack.Progress] 40% building 24/27 modules 3 active /Users/shaojintian/VueProjects/puzzle/node_modules/cache-loader/dist/cjs.js??ref--12-0!/Users/shaojintian/VueProjects/puzzle/node_modules/babel-loader/lib/index.js!/Users/shaojintian/VueProjects/puzzle/node_modules/cache-loader/dist/cjs.js??ref--0-0!/Users/shaojintian/VueProjects/puzzle/node_modules/vue-loader/lib/index.js??vue-loader-options!/Users/shaojintian/VueProjects/puzzle/src/App.vue?vue&type=script&lang=js&
<s> [webpack.Progress] 40% building 25/27 modules 2 active /Users/shaojintian/VueProjects/puzzle/node_modules/cache-loader/dist/cjs.js??ref--12-0!/Users/shaojintian/VueProjects/puzzle/node_modules/babel-loader/lib/index.js!/Users/shaojintian/VueProjects/puzzle/node_modules/cache-loader/dist/cjs.js??ref--0-0!/Users/shaojintian/VueProjects/puzzle/node_modules/vue-loader/lib/index.js??vue-loader-options!/Users/shaojintian/VueProjects/puzzle/src/App.vue?vue&type=script&lang=js&
<s> [webpack.Progress] 40% building 25/28 modules 3 active /Users/shaojintian/VueProjects/puzzle/node_modules/webpack-dev-server/client/utils/getCurrentScriptSource.js
<s> [webpack.Progress] 40% building 25/29 modules 4 active /Users/shaojintian/VueProjects/puzzle/node_modules/url/url.js
<s> [webpack.Progress] 40% building 25/30 modules 5 active /Users/shaojintian/VueProjects/puzzle/node_modules/cache-loader/dist/cjs.js?{"cacheDirectory":"node_modules/.cache/vue-loader","cacheIdentifier":"ad593ea6-vue-loader-template"}!/Users/shaojintian/VueProjects/puzzle/node_modules/vue-loader/lib/loaders/templateLoader.js??vue-loader-options!/Users/shaojintian/VueProjects/puzzle/node_modules/cache-loader/dist/cjs.js??ref--0-0!/Users/shaojintian/VueProjects/puzzle/node_modules/vue-loader/lib/index.js??vue-loader-options!/Users/shaojintian/VueProjects/puzzle/src/App.vue?vue&type=template&id=7ba5bd90&
<s> [webpack.Progress] 40% building 25/31 modules 6 active /Users/shaojintian/VueProjects/puzzle/node_modules/vue-loader/lib/runtime/componentNormalizer.js
<s> [webpack.Progress] 40% building 26/31 modules 5 active /Users/shaojintian/VueProjects/puzzle/node_modules/vue-loader/lib/runtime/componentNormalizer.js
<s> [webpack.Progress] 40% building 26/32 modules 6 active /Users/shaojintian/VueProjects/puzzle/node_modules/core-js/internals/add-to-unscopables.js
<s> [webpack.Progress] 40% building 26/33 modules 7 active /Users/shaojintian/VueProjects/puzzle/node_modules/core-js/internals/to-indexed-object.js
<s> [webpack.Progress] 40% building 26/34 modules 8 active /Users/shaojintian/VueProjects/puzzle/node_modules/core-js/internals/iterators.js
<s> [webpack.Progress] 40% building 26/35 modules 9 active /Users/shaojintian/VueProjects/puzzle/node_modules/core-js/internals/internal-state.js
<s> [webpack.Progress] 40% building 26/36 modules 10 active /Users/shaojintian/VueProjects/puzzle/node_modules/core-js/internals/define-iterator.js
<s> [webpack.Progress] 40% building 26/37 modules 11 active /Users/shaojintian/VueProjects/puzzle/node_modules/core-js/internals/export.js
<s> [webpack.Progress] 40% building 26/38 modules 12 active /Users/shaojintian/VueProjects/puzzle/node_modules/core-js/internals/is-pure.js
<s> [webpack.Progress] 40% building 26/39 modules 13 active /Users/shaojintian/VueProjects/puzzle/node_modules/core-js/internals/global.js
<s> [webpack.Progress] 40% building 26/40 modules 14 active /Users/shaojintian/VueProjects/puzzle/node_modules/core-js/internals/get-built-in.js
<s> [webpack.Progress] 40% building 26/41 modules 15 active /Users/shaojintian/VueProjects/puzzle/node_modules/core-js/internals/native-promise-constructor.js
<s> [webpack.Progress] 40% building 26/42 modules 16 active /Users/shaojintian/VueProjects/puzzle/node_modules/core-js/internals/redefine.js
<s> [webpack.Progress] 40% building 26/43 modules 17 active /Users/shaojintian/VueProjects/puzzle/node_modules/core-js/internals/redefine-all.js
<s> [webpack.Progress] 40% building 26/44 modules 18 active /Users/shaojintian/VueProjects/puzzle/node_modules/core-js/internals/set-to-string-tag.js
<s> [webpack.Progress] 40% building 26/45 modules 19 active /Users/shaojintian/VueProjects/puzzle/node_modules/core-js/internals/set-species.js
<s> [webpack.Progress] 40% building 26/46 modules 20 active /Users/shaojintian/VueProjects/puzzle/node_modules/core-js/internals/is-object.js
<s> [webpack.Progress] 40% building 26/47 modules 21 active /Users/shaojintian/VueProjects/puzzle/node_modules/core-js/internals/a-function.js
<s> [webpack.Progress] 40% building 26/48 modules 22 active /Users/shaojintian/VueProjects/puzzle/node_modules/core-js/internals/an-instance.js
<s> [webpack.Progress] 40% building 26/49 modules 23 active /Users/shaojintian/VueProjects/puzzle/node_modules/core-js/internals/classof-raw.js
<s> [webpack.Progress] 40% building 26/50 modules 24 active /Users/shaojintian/VueProjects/puzzle/node_modules/core-js/internals/inspect-source.js
<s> [webpack.Progress] 40% building 26/51 modules 25 active /Users/shaojintian/VueProjects/puzzle/node_modules/core-js/internals/iterate.js
<s> [webpack.Progress] 40% building 26/52 modules 26 active /Users/shaojintian/VueProjects/puzzle/node_modules/core-js/internals/check-correctness-of-iteration.js
<s> [webpack.Progress] 40% building 26/53 modules 27 active /Users/shaojintian/VueProjects/puzzle/node_modules/core-js/internals/species-constructor.js
<s> [webpack.Progress] 40% building 26/54 modules 28 active /Users/shaojintian/VueProjects/puzzle/node_modules/core-js/internals/task.js
<s> [webpack.Progress] 40% building 26/55 modules 29 active /Users/shaojintian/VueProjects/puzzle/node_modules/core-js/internals/microtask.js
<s> [webpack.Progress] 40% building 26/56 modules 30 active /Users/shaojintian/VueProjects/puzzle/node_modules/core-js/internals/promise-resolve.js
<s> [webpack.Progress] 40% building 26/57 modules 31 active /Users/shaojintian/VueProjects/puzzle/node_modules/core-js/internals/host-report-errors.js
<s> [webpack.Progress] 40% building 26/58 modules 32 active /Users/shaojintian/VueProjects/puzzle/node_modules/core-js/internals/new-promise-capability.js
<s> [webpack.Progress] 40% building 26/59 modules 33 active /Users/shaojintian/VueProjects/puzzle/node_modules/core-js/internals/perform.js
<s> [webpack.Progress] 40% building 26/60 modules 34 active /Users/shaojintian/VueProjects/puzzle/node_modules/core-js/internals/engine-v8-version.js
<s> [webpack.Progress] 40% building 26/61 modules 35 active /Users/shaojintian/VueProjects/puzzle/node_modules/core-js/internals/is-forced.js
<s> [webpack.Progress] 40% building 26/62 modules 36 active /Users/shaojintian/VueProjects/puzzle/node_modules/core-js/internals/well-known-symbol.js
<s> [webpack.Progress] 40% building 26/63 modules 37 active /Users/shaojintian/VueProjects/puzzle/node_modules/core-js/internals/object-assign.js
<s> [webpack.Progress] 40% building 26/64 modules 38 active /Users/shaojintian/VueProjects/puzzle/node_modules/core-js/internals/fails.js
<s> [webpack.Progress] 40% building 26/65 modules 39 active /Users/shaojintian/VueProjects/puzzle/node_modules/vue-loader/lib/loaders/pitcher.js??ref--4!/Users/shaojintian/VueProjects/puzzle/node_modules/vue-style-loader/index.js??ref--6-oneOf-1-0!/Users/shaojintian/VueProjects/puzzle/node_modules/css-loader/dist/cjs.js??ref--6-oneOf-1-1!/Users/shaojintian/VueProjects/puzzle/node_modules/postcss-loader/src/index.js??ref--6-oneOf-1-2!/Users/shaojintian/VueProjects/puzzle/node_modules/cache-loader/dist/cjs.js??ref--0-0!/Users/shaojintian/VueProjects/puzzle/node_modules/vue-loader/lib/index.js??vue-loader-options!/Users/shaojintian/VueProjects/puzzle/node_modules/eslint-loader/index.js??ref--13-0!/Users/shaojintian/VueProjects/puzzle/src/App.vue?vue&type=style&index=0&lang=css&
<s> [webpack.Progress] 40% building 27/65 modules 38 active /Users/shaojintian/VueProjects/puzzle/node_modules/core-js/internals/fails.js
<s> [webpack.Progress] 40% building 28/65 modules 37 active /Users/shaojintian/VueProjects/puzzle/node_modules/core-js/internals/fails.js
<s> [webpack.Progress] 40% building 29/65 modules 36 active /Users/shaojintian/VueProjects/puzzle/node_modules/core-js/internals/fails.js
<s> [webpack.Progress] 40% building 29/66 modules 37 active /Users/shaojintian/VueProjects/puzzle/node_modules/vue-hot-reload-api/dist/index.js
<s> [webpack.Progress] 40% building 30/66 modules 36 active /Users/shaojintian/VueProjects/puzzle/node_modules/vue-hot-reload-api/dist/index.js
<s> [webpack.Progress] 40% building 31/66 modules 35 active /Users/shaojintian/VueProjects/puzzle/node_modules/vue-hot-reload-api/dist/index.js
<s> [webpack.Progress] 40% building 32/66 modules 34 active /Users/shaojintian/VueProjects/puzzle/node_modules/vue-hot-reload-api/dist/index.js
<s> [webpack.Progress] 40% building 32/67 modules 35 active /Users/shaojintian/VueProjects/puzzle/node_modules/vue-style-loader/index.js??ref--6-oneOf-1-0!/Users/shaojintian/VueProjects/puzzle/node_modules/css-loader/dist/cjs.js??ref--6-oneOf-1-1!/Users/shaojintian/VueProjects/puzzle/node_modules/vue-loader/lib/loaders/stylePostLoader.js!/Users/shaojintian/VueProjects/puzzle/node_modules/postcss-loader/src/index.js??ref--6-oneOf-1-2!/Users/shaojintian/VueProjects/puzzle/node_modules/cache-loader/dist/cjs.js??ref--0-0!/Users/shaojintian/VueProjects/puzzle/node_modules/vue-loader/lib/index.js??vue-loader-options!/Users/shaojintian/VueProjects/puzzle/src/App.vue?vue&type=style&index=0&lang=css&
<s> [webpack.Progress] 40% building 33/67 modules 34 active /Users/shaojintian/VueProjects/puzzle/node_modules/vue-hot-reload-api/dist/index.js
<s> [webpack.Progress] 40% building 33/68 modules 35 active /Users/shaojintian/VueProjects/puzzle/node_modules/css-loader/dist/cjs.js??ref--6-oneOf-1-1!/Users/shaojintian/VueProjects/puzzle/node_modules/vue-loader/lib/loaders/stylePostLoader.js!/Users/shaojintian/VueProjects/puzzle/node_modules/postcss-loader/src/index.js??ref--6-oneOf-1-2!/Users/shaojintian/VueProjects/puzzle/node_modules/cache-loader/dist/cjs.js??ref--0-0!/Users/shaojintian/VueProjects/puzzle/node_modules/vue-loader/lib/index.js??vue-loader-options!/Users/shaojintian/VueProjects/puzzle/src/App.vue?vue&type=style&index=0&lang=css&
<s> [webpack.Progress] 40% building 34/68 modules 34 active /Users/shaojintian/VueProjects/puzzle/node_modules/css-loader/dist/cjs.js??ref--6-oneOf-1-1!/Users/shaojintian/VueProjects/puzzle/node_modules/vue-loader/lib/loaders/stylePostLoader.js!/Users/shaojintian/VueProjects/puzzle/node_modules/postcss-loader/src/index.js??ref--6-oneOf-1-2!/Users/shaojintian/VueProjects/puzzle/node_modules/cache-loader/dist/cjs.js??ref--0-0!/Users/shaojintian/VueProjects/puzzle/node_modules/vue-loader/lib/index.js??vue-loader-options!/Users/shaojintian/VueProjects/puzzle/src/App.vue?vue&type=style&index=0&lang=css&
<s> [webpack.Progress] 40% building 35/68 modules 33 active /Users/shaojintian/VueProjects/puzzle/node_modules/css-loader/dist/cjs.js??ref--6-oneOf-1-1!/Users/shaojintian/VueProjects/puzzle/node_modules/vue-loader/lib/loaders/stylePostLoader.js!/Users/shaojintian/VueProjects/puzzle/node_modules/postcss-loader/src/index.js??ref--6-oneOf-1-2!/Users/shaojintian/VueProjects/puzzle/node_modules/cache-loader/dist/cjs.js??ref--0-0!/Users/shaojintian/VueProjects/puzzle/node_modules/vue-loader/lib/index.js??vue-loader-options!/Users/shaojintian/VueProjects/puzzle/src/App.vue?vue&type=style&index=0&lang=css&
<s> [webpack.Progress] 40% building 36/68 modules 32 active /Users/shaojintian/VueProjects/puzzle/node_modules/css-loader/dist/cjs.js??ref--6-oneOf-1-1!/Users/shaojintian/VueProjects/puzzle/node_modules/vue-loader/lib/loaders/stylePostLoader.js!/Users/shaojintian/VueProjects/puzzle/node_modules/postcss-loader/src/index.js??ref--6-oneOf-1-2!/Users/shaojintian/VueProjects/puzzle/node_modules/cache-loader/dist/cjs.js??ref--0-0!/Users/shaojintian/VueProjects/puzzle/node_modules/vue-loader/lib/index.js??vue-loader-options!/Users/shaojintian/VueProjects/puzzle/src/App.vue?vue&type=style&index=0&lang=css&
<s> [webpack.Progress] 40% building 37/68 modules 31 active /Users/shaojintian/VueProjects/puzzle/node_modules/css-loader/dist/cjs.js??ref--6-oneOf-1-1!/Users/shaojintian/VueProjects/puzzle/node_modules/vue-loader/lib/loaders/stylePostLoader.js!/Users/shaojintian/VueProjects/puzzle/node_modules/postcss-loader/src/index.js??ref--6-oneOf-1-2!/Users/shaojintian/VueProjects/puzzle/node_modules/cache-loader/dist/cjs.js??ref--0-0!/Users/shaojintian/VueProjects/puzzle/node_modules/vue-loader/lib/index.js??vue-loader-options!/Users/shaojintian/VueProjects/puzzle/src/App.vue?vue&type=style&index=0&lang=css&
<s> [webpack.Progress] 40% building 38/68 modules 30 active /Users/shaojintian/VueProjects/puzzle/node_modules/css-loader/dist/cjs.js??ref--6-oneOf-1-1!/Users/shaojintian/VueProjects/puzzle/node_modules/vue-loader/lib/loaders/stylePostLoader.js!/Users/shaojintian/VueProjects/puzzle/node_modules/postcss-loader/src/index.js??ref--6-oneOf-1-2!/Users/shaojintian/VueProjects/puzzle/node_modules/cache-loader/dist/cjs.js??ref--0-0!/Users/shaojintian/VueProjects/puzzle/node_modules/vue-loader/lib/index.js??vue-loader-options!/Users/shaojintian/VueProjects/puzzle/src/App.vue?vue&type=style&index=0&lang=css&
<s> [webpack.Progress] 40% building 39/68 modules 29 active /Users/shaojintian/VueProjects/puzzle/node_modules/css-loader/dist/cjs.js??ref--6-oneOf-1-1!/Users/shaojintian/VueProjects/puzzle/node_modules/vue-loader/lib/loaders/stylePostLoader.js!/Users/shaojintian/VueProjects/puzzle/node_modules/postcss-loader/src/index.js??ref--6-oneOf-1-2!/Users/shaojintian/VueProjects/puzzle/node_modules/cache-loader/dist/cjs.js??ref--0-0!/Users/shaojintian/VueProjects/puzzle/node_modules/vue-loader/lib/index.js??vue-loader-options!/Users/shaojintian/VueProjects/puzzle/src/App.vue?vue&type=style&index=0&lang=css&
<s> [webpack.Progress] 40% building 40/68 modules 28 active /Users/shaojintian/VueProjects/puzzle/node_modules/css-loader/dist/cjs.js??ref--6-oneOf-1-1!/Users/shaojintian/VueProjects/puzzle/node_modules/vue-loader/lib/loaders/stylePostLoader.js!/Users/shaojintian/VueProjects/puzzle/node_modules/postcss-loader/src/index.js??ref--6-oneOf-1-2!/Users/shaojintian/VueProjects/puzzle/node_modules/cache-loader/dist/cjs.js??ref--0-0!/Users/shaojintian/VueProjects/puzzle/node_modules/vue-loader/lib/index.js??vue-loader-options!/Users/shaojintian/VueProjects/puzzle/src/App.vue?vue&type=style&index=0&lang=css&
<s> [webpack.Progress] 40% building 41/68 modules 27 active /Users/shaojintian/VueProjects/puzzle/node_modules/css-loader/dist/cjs.js??ref--6-oneOf-1-1!/Users/shaojintian/VueProjects/puzzle/node_modules/vue-loader/lib/loaders/stylePostLoader.js!/Users/shaojintian/VueProjects/puzzle/node_modules/postcss-loader/src/index.js??ref--6-oneOf-1-2!/Users/shaojintian/VueProjects/puzzle/node_modules/cache-loader/dist/cjs.js??ref--0-0!/Users/shaojintian/VueProjects/puzzle/node_modules/vue-loader/lib/index.js??vue-loader-options!/Users/shaojintian/VueProjects/puzzle/src/App.vue?vue&type=style&index=0&lang=css&
<s> [webpack.Progress] 40% building 42/68 modules 26 active /Users/shaojintian/VueProjects/puzzle/node_modules/css-loader/dist/cjs.js??ref--6-oneOf-1-1!/Users/shaojintian/VueProjects/puzzle/node_modules/vue-loader/lib/loaders/stylePostLoader.js!/Users/shaojintian/VueProjects/puzzle/node_modules/postcss-loader/src/index.js??ref--6-oneOf-1-2!/Users/shaojintian/VueProjects/puzzle/node_modules/cache-loader/dist/cjs.js??ref--0-0!/Users/shaojintian/VueProjects/puzzle/node_modules/vue-loader/lib/index.js??vue-loader-options!/Users/shaojintian/VueProjects/puzzle/src/App.vue?vue&type=style&index=0&lang=css&
<s> [webpack.Progress] 40% building 43/68 modules 25 active /Users/shaojintian/VueProjects/puzzle/node_modules/css-loader/dist/cjs.js??ref--6-oneOf-1-1!/Users/shaojintian/VueProjects/puzzle/node_modules/vue-loader/lib/loaders/stylePostLoader.js!/Users/shaojintian/VueProjects/puzzle/node_modules/postcss-loader/src/index.js??ref--6-oneOf-1-2!/Users/shaojintian/VueProjects/puzzle/node_modules/cache-loader/dist/cjs.js??ref--0-0!/Users/shaojintian/VueProjects/puzzle/node_modules/vue-loader/lib/index.js??vue-loader-options!/Users/shaojintian/VueProjects/puzzle/src/App.vue?vue&type=style&index=0&lang=css&
<s> [webpack.Progress] 40% building 44/68 modules 24 active /Users/shaojintian/VueProjects/puzzle/node_modules/css-loader/dist/cjs.js??ref--6-oneOf-1-1!/Users/shaojintian/VueProjects/puzzle/node_modules/vue-loader/lib/loaders/stylePostLoader.js!/Users/shaojintian/VueProjects/puzzle/node_modules/postcss-loader/src/index.js??ref--6-oneOf-1-2!/Users/shaojintian/VueProjects/puzzle/node_modules/cache-loader/dist/cjs.js??ref--0-0!/Users/shaojintian/VueProjects/puzzle/node_modules/vue-loader/lib/index.js??vue-loader-options!/Users/shaojintian/VueProjects/puzzle/src/App.vue?vue&type=style&index=0&lang=css&
<s> [webpack.Progress] 40% building 45/68 modules 23 active /Users/shaojintian/VueProjects/puzzle/node_modules/css-loader/dist/cjs.js??ref--6-oneOf-1-1!/Users/shaojintian/VueProjects/puzzle/node_modules/vue-loader/lib/loaders/stylePostLoader.js!/Users/shaojintian/VueProjects/puzzle/node_modules/postcss-loader/src/index.js??ref--6-oneOf-1-2!/Users/shaojintian/VueProjects/puzzle/node_modules/cache-loader/dist/cjs.js??ref--0-0!/Users/shaojintian/VueProjects/puzzle/node_modules/vue-loader/lib/index.js??vue-loader-options!/Users/shaojintian/VueProjects/puzzle/src/App.vue?vue&type=style&index=0&lang=css&
<s> [webpack.Progress] 40% building 46/68 modules 22 active /Users/shaojintian/VueProjects/puzzle/node_modules/css-loader/dist/cjs.js??ref--6-oneOf-1-1!/Users/shaojintian/VueProjects/puzzle/node_modules/vue-loader/lib/loaders/stylePostLoader.js!/Users/shaojintian/VueProjects/puzzle/node_modules/postcss-loader/src/index.js??ref--6-oneOf-1-2!/Users/shaojintian/VueProjects/puzzle/node_modules/cache-loader/dist/cjs.js??ref--0-0!/Users/shaojintian/VueProjects/puzzle/node_modules/vue-loader/lib/index.js??vue-loader-options!/Users/shaojintian/VueProjects/puzzle/src/App.vue?vue&type=style&index=0&lang=css&
<s> [webpack.Progress] 40% building 47/68 modules 21 active /Users/shaojintian/VueProjects/puzzle/node_modules/css-loader/dist/cjs.js??ref--6-oneOf-1-1!/Users/shaojintian/VueProjects/puzzle/node_modules/vue-loader/lib/loaders/stylePostLoader.js!/Users/shaojintian/VueProjects/puzzle/node_modules/postcss-loader/src/index.js??ref--6-oneOf-1-2!/Users/shaojintian/VueProjects/puzzle/node_modules/cache-loader/dist/cjs.js??ref--0-0!/Users/shaojintian/VueProjects/puzzle/node_modules/vue-loader/lib/index.js??vue-loader-options!/Users/shaojintian/VueProjects/puzzle/src/App.vue?vue&type=style&index=0&lang=css&
<s> [webpack.Progress] 40% building 48/68 modules 20 active /Users/shaojintian/VueProjects/puzzle/node_modules/css-loader/dist/cjs.js??ref--6-oneOf-1-1!/Users/shaojintian/VueProjects/puzzle/node_modules/vue-loader/lib/loaders/stylePostLoader.js!/Users/shaojintian/VueProjects/puzzle/node_modules/postcss-loader/src/index.js??ref--6-oneOf-1-2!/Users/shaojintian/VueProjects/puzzle/node_modules/cache-loader/dist/cjs.js??ref--0-0!/Users/shaojintian/VueProjects/puzzle/node_modules/vue-loader/lib/index.js??vue-loader-options!/Users/shaojintian/VueProjects/puzzle/src/App.vue?vue&type=style&index=0&lang=css&
<s> [webpack.Progress] 40% building 49/68 modules 19 active /Users/shaojintian/VueProjects/puzzle/node_modules/css-loader/dist/cjs.js??ref--6-oneOf-1-1!/Users/shaojintian/VueProjects/puzzle/node_modules/vue-loader/lib/loaders/stylePostLoader.js!/Users/shaojintian/VueProjects/puzzle/node_modules/postcss-loader/src/index.js??ref--6-oneOf-1-2!/Users/shaojintian/VueProjects/puzzle/node_modules/cache-loader/dist/cjs.js??ref--0-0!/Users/shaojintian/VueProjects/puzzle/node_modules/vue-loader/lib/index.js??vue-loader-options!/Users/shaojintian/VueProjects/puzzle/src/App.vue?vue&type=style&index=0&lang=css&
<s> [webpack.Progress] 40% building 50/68 modules 18 active /Users/shaojintian/VueProjects/puzzle/node_modules/css-loader/dist/cjs.js??ref--6-oneOf-1-1!/Users/shaojintian/VueProjects/puzzle/node_modules/vue-loader/lib/loaders/stylePostLoader.js!/Users/shaojintian/VueProjects/puzzle/node_modules/postcss-loader/src/index.js??ref--6-oneOf-1-2!/Users/shaojintian/VueProjects/puzzle/node_modules/cache-loader/dist/cjs.js??ref--0-0!/Users/shaojintian/VueProjects/puzzle/node_modules/vue-loader/lib/index.js??vue-loader-options!/Users/shaojintian/VueProjects/puzzle/src/App.vue?vue&type=style&index=0&lang=css&
<s> [webpack.Progress] 40% building 51/68 modules 17 active /Users/shaojintian/VueProjects/puzzle/node_modules/css-loader/dist/cjs.js??ref--6-oneOf-1-1!/Users/shaojintian/VueProjects/puzzle/node_modules/vue-loader/lib/loaders/stylePostLoader.js!/Users/shaojintian/VueProjects/puzzle/node_modules/postcss-loader/src/index.js??ref--6-oneOf-1-2!/Users/shaojintian/VueProjects/puzzle/node_modules/cache-loader/dist/cjs.js??ref--0-0!/Users/shaojintian/VueProjects/puzzle/node_modules/vue-loader/lib/index.js??vue-loader-options!/Users/shaojintian/VueProjects/puzzle/src/App.vue?vue&type=style&index=0&lang=css&
<s> [webpack.Progress] 40% building 52/68 modules 16 active /Users/shaojintian/VueProjects/puzzle/node_modules/css-loader/dist/cjs.js??ref--6-oneOf-1-1!/Users/shaojintian/VueProjects/puzzle/node_modules/vue-loader/lib/loaders/stylePostLoader.js!/Users/shaojintian/VueProjects/puzzle/node_modules/postcss-loader/src/index.js??ref--6-oneOf-1-2!/Users/shaojintian/VueProjects/puzzle/node_modules/cache-loader/dist/cjs.js??ref--0-0!/Users/shaojintian/VueProjects/puzzle/node_modules/vue-loader/lib/index.js??vue-loader-options!/Users/shaojintian/VueProjects/puzzle/src/App.vue?vue&type=style&index=0&lang=css&
<s> [webpack.Progress] 40% building 53/68 modules 15 active /Users/shaojintian/VueProjects/puzzle/node_modules/css-loader/dist/cjs.js??ref--6-oneOf-1-1!/Users/shaojintian/VueProjects/puzzle/node_modules/vue-loader/lib/loaders/stylePostLoader.js!/Users/shaojintian/VueProjects/puzzle/node_modules/postcss-loader/src/index.js??ref--6-oneOf-1-2!/Users/shaojintian/VueProjects/puzzle/node_modules/cache-loader/dist/cjs.js??ref--0-0!/Users/shaojintian/VueProjects/puzzle/node_modules/vue-loader/lib/index.js??vue-loader-options!/Users/shaojintian/VueProjects/puzzle/src/App.vue?vue&type=style&index=0&lang=css&
<s> [webpack.Progress] 40% building 54/68 modules 14 active /Users/shaojintian/VueProjects/puzzle/node_modules/css-loader/dist/cjs.js??ref--6-oneOf-1-1!/Users/shaojintian/VueProjects/puzzle/node_modules/vue-loader/lib/loaders/stylePostLoader.js!/Users/shaojintian/VueProjects/puzzle/node_modules/postcss-loader/src/index.js??ref--6-oneOf-1-2!/Users/shaojintian/VueProjects/puzzle/node_modules/cache-loader/dist/cjs.js??ref--0-0!/Users/shaojintian/VueProjects/puzzle/node_modules/vue-loader/lib/index.js??vue-loader-options!/Users/shaojintian/VueProjects/puzzle/src/App.vue?vue&type=style&index=0&lang=css&
<s> [webpack.Progress] 40% building 55/68 modules 13 active /Users/shaojintian/VueProjects/puzzle/node_modules/css-loader/dist/cjs.js??ref--6-oneOf-1-1!/Users/shaojintian/VueProjects/puzzle/node_modules/vue-loader/lib/loaders/stylePostLoader.js!/Users/shaojintian/VueProjects/puzzle/node_modules/postcss-loader/src/index.js??ref--6-oneOf-1-2!/Users/shaojintian/VueProjects/puzzle/node_modules/cache-loader/dist/cjs.js??ref--0-0!/Users/shaojintian/VueProjects/puzzle/node_modules/vue-loader/lib/index.js??vue-loader-options!/Users/shaojintian/VueProjects/puzzle/src/App.vue?vue&type=style&index=0&lang=css&
<s> [webpack.Progress] 40% building 56/68 modules 12 active /Users/shaojintian/VueProjects/puzzle/node_modules/css-loader/dist/cjs.js??ref--6-oneOf-1-1!/Users/shaojintian/VueProjects/puzzle/node_modules/vue-loader/lib/loaders/stylePostLoader.js!/Users/shaojintian/VueProjects/puzzle/node_modules/postcss-loader/src/index.js??ref--6-oneOf-1-2!/Users/shaojintian/VueProjects/puzzle/node_modules/cache-loader/dist/cjs.js??ref--0-0!/Users/shaojintian/VueProjects/puzzle/node_modules/vue-loader/lib/index.js??vue-loader-options!/Users/shaojintian/VueProjects/puzzle/src/App.vue?vue&type=style&index=0&lang=css&
<s> [webpack.Progress] 40% building 57/68 modules 11 active /Users/shaojintian/VueProjects/puzzle/node_modules/css-loader/dist/cjs.js??ref--6-oneOf-1-1!/Users/shaojintian/VueProjects/puzzle/node_modules/vue-loader/lib/loaders/stylePostLoader.js!/Users/shaojintian/VueProjects/puzzle/node_modules/postcss-loader/src/index.js??ref--6-oneOf-1-2!/Users/shaojintian/VueProjects/puzzle/node_modules/cache-loader/dist/cjs.js??ref--0-0!/Users/shaojintian/VueProjects/puzzle/node_modules/vue-loader/lib/index.js??vue-loader-options!/Users/shaojintian/VueProjects/puzzle/src/App.vue?vue&type=style&index=0&lang=css&
<s> [webpack.Progress] 40% building 58/68 modules 10 active /Users/shaojintian/VueProjects/puzzle/node_modules/css-loader/dist/cjs.js??ref--6-oneOf-1-1!/Users/shaojintian/VueProjects/puzzle/node_modules/vue-loader/lib/loaders/stylePostLoader.js!/Users/shaojintian/VueProjects/puzzle/node_modules/postcss-loader/src/index.js??ref--6-oneOf-1-2!/Users/shaojintian/VueProjects/puzzle/node_modules/cache-loader/dist/cjs.js??ref--0-0!/Users/shaojintian/VueProjects/puzzle/node_modules/vue-loader/lib/index.js??vue-loader-options!/Users/shaojintian/VueProjects/puzzle/src/App.vue?vue&type=style&index=0&lang=css&
<s> [webpack.Progress] 40% building 59/68 modules 9 active /Users/shaojintian/VueProjects/puzzle/node_modules/css-loader/dist/cjs.js??ref--6-oneOf-1-1!/Users/shaojintian/VueProjects/puzzle/node_modules/vue-loader/lib/loaders/stylePostLoader.js!/Users/shaojintian/VueProjects/puzzle/node_modules/postcss-loader/src/index.js??ref--6-oneOf-1-2!/Users/shaojintian/VueProjects/puzzle/node_modules/cache-loader/dist/cjs.js??ref--0-0!/Users/shaojintian/VueProjects/puzzle/node_modules/vue-loader/lib/index.js??vue-loader-options!/Users/shaojintian/VueProjects/puzzle/src/App.vue?vue&type=style&index=0&lang=css&
<s> [webpack.Progress] 40% building 60/68 modules 8 active /Users/shaojintian/VueProjects/puzzle/node_modules/css-loader/dist/cjs.js??ref--6-oneOf-1-1!/Users/shaojintian/VueProjects/puzzle/node_modules/vue-loader/lib/loaders/stylePostLoader.js!/Users/shaojintian/VueProjects/puzzle/node_modules/postcss-loader/src/index.js??ref--6-oneOf-1-2!/Users/shaojintian/VueProjects/puzzle/node_modules/cache-loader/dist/cjs.js??ref--0-0!/Users/shaojintian/VueProjects/puzzle/node_modules/vue-loader/lib/index.js??vue-loader-options!/Users/shaojintian/VueProjects/puzzle/src/App.vue?vue&type=style&index=0&lang=css&
<s> [webpack.Progress] 40% building 61/68 modules 7 active /Users/shaojintian/VueProjects/puzzle/node_modules/css-loader/dist/cjs.js??ref--6-oneOf-1-1!/Users/shaojintian/VueProjects/puzzle/node_modules/vue-loader/lib/loaders/stylePostLoader.js!/Users/shaojintian/VueProjects/puzzle/node_modules/postcss-loader/src/index.js??ref--6-oneOf-1-2!/Users/shaojintian/VueProjects/puzzle/node_modules/cache-loader/dist/cjs.js??ref--0-0!/Users/shaojintian/VueProjects/puzzle/node_modules/vue-loader/lib/index.js??vue-loader-options!/Users/shaojintian/VueProjects/puzzle/src/App.vue?vue&type=style&index=0&lang=css&
<s> [webpack.Progress] 40% building 62/68 modules 6 active /Users/shaojintian/VueProjects/puzzle/node_modules/css-loader/dist/cjs.js??ref--6-oneOf-1-1!/Users/shaojintian/VueProjects/puzzle/node_modules/vue-loader/lib/loaders/stylePostLoader.js!/Users/shaojintian/VueProjects/puzzle/node_modules/postcss-loader/src/index.js??ref--6-oneOf-1-2!/Users/shaojintian/VueProjects/puzzle/node_modules/cache-loader/dist/cjs.js??ref--0-0!/Users/shaojintian/VueProjects/puzzle/node_modules/vue-loader/lib/index.js??vue-loader-options!/Users/shaojintian/VueProjects/puzzle/src/App.vue?vue&type=style&index=0&lang=css&
<s> [webpack.Progress] 40% building 63/68 modules 5 active /Users/shaojintian/VueProjects/puzzle/node_modules/css-loader/dist/cjs.js??ref--6-oneOf-1-1!/Users/shaojintian/VueProjects/puzzle/node_modules/vue-loader/lib/loaders/stylePostLoader.js!/Users/shaojintian/VueProjects/puzzle/node_modules/postcss-loader/src/index.js??ref--6-oneOf-1-2!/Users/shaojintian/VueProjects/puzzle/node_modules/cache-loader/dist/cjs.js??ref--0-0!/Users/shaojintian/VueProjects/puzzle/node_modules/vue-loader/lib/index.js??vue-loader-options!/Users/shaojintian/VueProjects/puzzle/src/App.vue?vue&type=style&index=0&lang=css&
<s> [webpack.Progress] 40% building 64/68 modules 4 active /Users/shaojintian/VueProjects/puzzle/node_modules/css-loader/dist/cjs.js??ref--6-oneOf-1-1!/Users/shaojintian/VueProjects/puzzle/node_modules/vue-loader/lib/loaders/stylePostLoader.js!/Users/shaojintian/VueProjects/puzzle/node_modules/postcss-loader/src/index.js??ref--6-oneOf-1-2!/Users/shaojintian/VueProjects/puzzle/node_modules/cache-loader/dist/cjs.js??ref--0-0!/Users/shaojintian/VueProjects/puzzle/node_modules/vue-loader/lib/index.js??vue-loader-options!/Users/shaojintian/VueProjects/puzzle/src/App.vue?vue&type=style&index=0&lang=css&
<s> [webpack.Progress] 40% building 65/68 modules 3 active /Users/shaojintian/VueProjects/puzzle/node_modules/css-loader/dist/cjs.js??ref--6-oneOf-1-1!/Users/shaojintian/VueProjects/puzzle/node_modules/vue-loader/lib/loaders/stylePostLoader.js!/Users/shaojintian/VueProjects/puzzle/node_modules/postcss-loader/src/index.js??ref--6-oneOf-1-2!/Users/shaojintian/VueProjects/puzzle/node_modules/cache-loader/dist/cjs.js??ref--0-0!/Users/shaojintian/VueProjects/puzzle/node_modules/vue-loader/lib/index.js??vue-loader-options!/Users/shaojintian/VueProjects/puzzle/src/App.vue?vue&type=style&index=0&lang=css&
<s> [webpack.Progress] 40% building 66/68 modules 2 active /Users/shaojintian/VueProjects/puzzle/node_modules/css-loader/dist/cjs.js??ref--6-oneOf-1-1!/Users/shaojintian/VueProjects/puzzle/node_modules/vue-loader/lib/loaders/stylePostLoader.js!/Users/shaojintian/VueProjects/puzzle/node_modules/postcss-loader/src/index.js??ref--6-oneOf-1-2!/Users/shaojintian/VueProjects/puzzle/node_modules/cache-loader/dist/cjs.js??ref--0-0!/Users/shaojintian/VueProjects/puzzle/node_modules/vue-loader/lib/index.js??vue-loader-options!/Users/shaojintian/VueProjects/puzzle/src/App.vue?vue&type=style&index=0&lang=css&
<s> [webpack.Progress] 40% building 66/69 modules 3 active /Users/shaojintian/VueProjects/puzzle/node_modules/webpack-dev-server/client/clients/BaseClient.js
<s> [webpack.Progress] 40% building 66/70 modules 4 active /Users/shaojintian/VueProjects/puzzle/node_modules/cache-loader/dist/cjs.js??ref--0-0!/Users/shaojintian/VueProjects/puzzle/node_modules/vue-loader/lib/index.js??vue-loader-options!/Users/shaojintian/VueProjects/puzzle/node_modules/eslint-loader/index.js??ref--13-0!/Users/shaojintian/VueProjects/puzzle/src/components/HelloWorld.vue
<s> [webpack.Progress] 40% building 67/70 modules 3 active /Users/shaojintian/VueProjects/puzzle/node_modules/cache-loader/dist/cjs.js??ref--0-0!/Users/shaojintian/VueProjects/puzzle/node_modules/vue-loader/lib/index.js??vue-loader-options!/Users/shaojintian/VueProjects/puzzle/node_modules/eslint-loader/index.js??ref--13-0!/Users/shaojintian/VueProjects/puzzle/src/components/HelloWorld.vue
<s> [webpack.Progress] 40% building 67/71 modules 4 active /Users/shaojintian/VueProjects/puzzle/node_modules/webpack-dev-server/node_modules/strip-ansi/index.js
<s> [webpack.Progress] 40% building 68/71 modules 3 active /Users/shaojintian/VueProjects/puzzle/node_modules/webpack-dev-server/node_modules/strip-ansi/index.js
<s> [webpack.Progress] 40% building 69/71 modules 2 active /Users/shaojintian/VueProjects/puzzle/node_modules/webpack-dev-server/node_modules/strip-ansi/index.js
<s> [webpack.Progress] 40% building 70/71 modules 1 active /Users/shaojintian/VueProjects/puzzle/node_modules/webpack-dev-server/node_modules/strip-ansi/index.js
<s> [webpack.Progress] 40% building 70/72 modules 2 active /Users/shaojintian/VueProjects/puzzle/node_modules/vue-loader/lib/loaders/pitcher.js??ref--4!/Users/shaojintian/VueProjects/puzzle/node_modules/cache-loader/dist/cjs.js??ref--0-0!/Users/shaojintian/VueProjects/puzzle/node_modules/vue-loader/lib/index.js??vue-loader-options!/Users/shaojintian/VueProjects/puzzle/node_modules/eslint-loader/index.js??ref--13-0!/Users/shaojintian/VueProjects/puzzle/src/components/HelloWorld.vue?vue&type=template&id=469af010&scoped=true&
<s> [webpack.Progress] 40% building 71/72 modules 1 active /Users/shaojintian/VueProjects/puzzle/node_modules/webpack-dev-server/node_modules/strip-ansi/index.js
<s> [webpack.Progress] 40% building 71/73 modules 2 active /Users/shaojintian/VueProjects/puzzle/node_modules/vue-loader/lib/loaders/pitcher.js??ref--4!/Users/shaojintian/VueProjects/puzzle/node_modules/cache-loader/dist/cjs.js??ref--12-0!/Users/shaojintian/VueProjects/puzzle/node_modules/babel-loader/lib/index.js!/Users/shaojintian/VueProjects/puzzle/node_modules/cache-loader/dist/cjs.js??ref--0-0!/Users/shaojintian/VueProjects/puzzle/node_modules/vue-loader/lib/index.js??vue-loader-options!/Users/shaojintian/VueProjects/puzzle/node_modules/eslint-loader/index.js??ref--13-0!/Users/shaojintian/VueProjects/puzzle/node_modules/eslint-loader/index.js??ref--13-0!/Users/shaojintian/VueProjects/puzzle/src/components/HelloWorld.vue?vue&type=script&lang=js&
<s> [webpack.Progress] 40% building 72/73 modules 1 active /Users/shaojintian/VueProjects/puzzle/node_modules/webpack-dev-server/node_modules/strip-ansi/index.js
<s> [webpack.Progress] 40% building 72/74 modules 2 active /Users/shaojintian/VueProjects/puzzle/node_modules/vue-loader/lib/loaders/pitcher.js??ref--4!/Users/shaojintian/VueProjects/puzzle/node_modules/vue-style-loader/index.js??ref--6-oneOf-1-0!/Users/shaojintian/VueProjects/puzzle/node_modules/css-loader/dist/cjs.js??ref--6-oneOf-1-1!/Users/shaojintian/VueProjects/puzzle/node_modules/postcss-loader/src/index.js??ref--6-oneOf-1-2!/Users/shaojintian/VueProjects/puzzle/node_modules/cache-loader/dist/cjs.js??ref--0-0!/Users/shaojintian/VueProjects/puzzle/node_modules/vue-loader/lib/index.js??vue-loader-options!/Users/shaojintian/VueProjects/puzzle/node_modules/eslint-loader/index.js??ref--13-0!/Users/shaojintian/VueProjects/puzzle/src/components/HelloWorld.vue?vue&type=style&index=0&id=469af010&scoped=true&lang=css&
<s> [webpack.Progress] 40% building 73/74 modules 1 active /Users/shaojintian/VueProjects/puzzle/node_modules/webpack-dev-server/node_modules/strip-ansi/index.js
<s> [webpack.Progress] 40% building 73/75 modules 2 active /Users/shaojintian/VueProjects/puzzle/node_modules/cache-loader/dist/cjs.js??ref--12-0!/Users/shaojintian/VueProjects/puzzle/node_modules/babel-loader/lib/index.js!/Users/shaojintian/VueProjects/puzzle/node_modules/cache-loader/dist/cjs.js??ref--0-0!/Users/shaojintian/VueProjects/puzzle/node_modules/vue-loader/lib/index.js??vue-loader-options!/Users/shaojintian/VueProjects/puzzle/src/components/HelloWorld.vue?vue&type=script&lang=js&
<s> [webpack.Progress] 40% building 73/76 modules 3 active /Users/shaojintian/VueProjects/puzzle/node_modules/cache-loader/dist/cjs.js?{"cacheDirectory":"node_modules/.cache/vue-loader","cacheIdentifier":"ad593ea6-vue-loader-template"}!/Users/shaojintian/VueProjects/puzzle/node_modules/vue-loader/lib/loaders/templateLoader.js??vue-loader-options!/Users/shaojintian/VueProjects/puzzle/node_modules/cache-loader/dist/cjs.js??ref--0-0!/Users/shaojintian/VueProjects/puzzle/node_modules/vue-loader/lib/index.js??vue-loader-options!/Users/shaojintian/VueProjects/puzzle/src/components/HelloWorld.vue?vue&type=template&id=469af010&scoped=true&
<s> [webpack.Progress] 40% building 73/77 modules 4 active /Users/shaojintian/VueProjects/puzzle/node_modules/vue-style-loader/index.js??ref--6-oneOf-1-0!/Users/shaojintian/VueProjects/puzzle/node_modules/css-loader/dist/cjs.js??ref--6-oneOf-1-1!/Users/shaojintian/VueProjects/puzzle/node_modules/vue-loader/lib/loaders/stylePostLoader.js!/Users/shaojintian/VueProjects/puzzle/node_modules/postcss-loader/src/index.js??ref--6-oneOf-1-2!/Users/shaojintian/VueProjects/puzzle/node_modules/cache-loader/dist/cjs.js??ref--0-0!/Users/shaojintian/VueProjects/puzzle/node_modules/vue-loader/lib/index.js??vue-loader-options!/Users/shaojintian/VueProjects/puzzle/src/components/HelloWorld.vue?vue&type=style&index=0&id=469af010&scoped=true&lang=css&
<s> [webpack.Progress] 40% building 74/77 modules 3 active /Users/shaojintian/VueProjects/puzzle/node_modules/cache-loader/dist/cjs.js?{"cacheDirectory":"node_modules/.cache/vue-loader","cacheIdentifier":"ad593ea6-vue-loader-template"}!/Users/shaojintian/VueProjects/puzzle/node_modules/vue-loader/lib/loaders/templateLoader.js??vue-loader-options!/Users/shaojintian/VueProjects/puzzle/node_modules/cache-loader/dist/cjs.js??ref--0-0!/Users/shaojintian/VueProjects/puzzle/node_modules/vue-loader/lib/index.js??vue-loader-options!/Users/shaojintian/VueProjects/puzzle/src/components/HelloWorld.vue?vue&type=template&id=469af010&scoped=true&
<s> [webpack.Progress] 40% building 74/78 modules 4 active /Users/shaojintian/VueProjects/puzzle/node_modules/css-loader/dist/cjs.js??ref--6-oneOf-1-1!/Users/shaojintian/VueProjects/puzzle/node_modules/vue-loader/lib/loaders/stylePostLoader.js!/Users/shaojintian/VueProjects/puzzle/node_modules/postcss-loader/src/index.js??ref--6-oneOf-1-2!/Users/shaojintian/VueProjects/puzzle/node_modules/cache-loader/dist/cjs.js??ref--0-0!/Users/shaojintian/VueProjects/puzzle/node_modules/vue-loader/lib/index.js??vue-loader-options!/Users/shaojintian/VueProjects/puzzle/src/components/HelloWorld.vue?vue&type=style&index=0&id=469af010&scoped=true&lang=css&
<s> [webpack.Progress] 40% building 74/79 modules 5 active /Users/shaojintian/VueProjects/puzzle/node_modules/vue-style-loader/lib/addStylesClient.js
<s> [webpack.Progress] 40% building 74/80 modules 6 active /Users/shaojintian/VueProjects/puzzle/node_modules/url/util.js
<s> [webpack.Progress] 40% building 75/80 modules 5 active /Users/shaojintian/VueProjects/puzzle/node_modules/url/util.js
<s> [webpack.Progress] 40% building 75/81 modules 6 active /Users/shaojintian/VueProjects/puzzle/node_modules/ansi-html/index.js
<s> [webpack.Progress] 40% building 75/82 modules 7 active /Users/shaojintian/VueProjects/puzzle/node_modules/core-js/internals/object-create.js
<s> [webpack.Progress] 40% building 75/83 modules 8 active /Users/shaojintian/VueProjects/puzzle/node_modules/core-js/internals/object-define-property.js
<s> [webpack.Progress] 40% building 75/84 modules 9 active /Users/shaojintian/VueProjects/puzzle/node_modules/querystring-es3/index.js
<s> [webpack.Progress] 40% building 75/85 modules 10 active /Users/shaojintian/VueProjects/puzzle/node_modules/core-js/internals/require-object-coercible.js
<s> [webpack.Progress] 40% building 75/86 modules 11 active /Users/shaojintian/VueProjects/puzzle/node_modules/core-js/internals/indexed-object.js
<s> [webpack.Progress] 40% building 75/87 modules 12 active /Users/shaojintian/VueProjects/puzzle/node_modules/core-js/internals/native-weak-map.js
<s> [webpack.Progress] 40% building 75/88 modules 13 active /Users/shaojintian/VueProjects/puzzle/node_modules/core-js/internals/has.js
<s> [webpack.Progress] 40% building 75/89 modules 14 active /Users/shaojintian/VueProjects/puzzle/node_modules/core-js/internals/shared-key.js
<s> [webpack.Progress] 40% building 75/90 modules 15 active /Users/shaojintian/VueProjects/puzzle/node_modules/core-js/internals/create-non-enumerable-property.js
<s> [webpack.Progress] 40% building 75/91 modules 16 active /Users/shaojintian/VueProjects/puzzle/node_modules/core-js/internals/hidden-keys.js
<s> [webpack.Progress] 40% building 75/92 modules 17 active /Users/shaojintian/VueProjects/puzzle/node_modules/core-js/internals/create-iterator-constructor.js
<s> [webpack.Progress] 40% building 75/93 modules 18 active /Users/shaojintian/VueProjects/puzzle/node_modules/core-js/internals/object-get-prototype-of.js
<s> [webpack.Progress] 40% building 75/94 modules 19 active /Users/shaojintian/VueProjects/puzzle/node_modules/core-js/internals/object-set-prototype-of.js
<s> [webpack.Progress] 40% building 75/95 modules 20 active /Users/shaojintian/VueProjects/puzzle/node_modules/core-js/internals/iterators-core.js
<s> [webpack.Progress] 40% building 75/96 modules 21 active /Users/shaojintian/VueProjects/puzzle/node_modules/core-js/internals/object-get-own-property-descriptor.js
<s> [webpack.Progress] 40% building 75/97 modules 22 active /Users/shaojintian/VueProjects/puzzle/node_modules/core-js/internals/set-global.js
<s> [webpack.Progress] 40% building 75/98 modules 23 active /Users/shaojintian/VueProjects/puzzle/node_modules/core-js/internals/copy-constructor-properties.js
<s> [webpack.Progress] 40% building 75/99 modules 24 active /Users/shaojintian/VueProjects/puzzle/node_modules/core-js/internals/path.js
<s> [webpack.Progress] 40% building 75/100 modules 25 active /Users/shaojintian/VueProjects/puzzle/node_modules/core-js/internals/descriptors.js
<s> [webpack.Progress] 40% building 75/101 modules 26 active /Users/shaojintian/VueProjects/puzzle/node_modules/core-js/internals/shared-store.js
<s> [webpack.Progress] 40% building 75/102 modules 27 active /Users/shaojintian/VueProjects/puzzle/node_modules/core-js/internals/an-object.js
<s> [webpack.Progress] 40% building 75/103 modules 28 active /Users/shaojintian/VueProjects/puzzle/node_modules/core-js/internals/is-array-iterator-method.js
<s> [webpack.Progress] 40% building 75/104 modules 29 active /Users/shaojintian/VueProjects/puzzle/node_modules/core-js/internals/to-length.js
<s> [webpack.Progress] 40% building 75/105 modules 30 active /Users/shaojintian/VueProjects/puzzle/node_modules/core-js/internals/get-iterator-method.js
<s> [webpack.Progress] 40% building 75/106 modules 31 active /Users/shaojintian/VueProjects/puzzle/node_modules/core-js/internals/function-bind-context.js
<s> [webpack.Progress] 40% building 75/107 modules 32 active /Users/shaojintian/VueProjects/puzzle/node_modules/core-js/internals/call-with-safe-iteration-closing.js
<s> [webpack.Progress] 40% building 75/108 modules 33 active /Users/shaojintian/VueProjects/puzzle/node_modules/core-js/internals/html.js
<s> [webpack.Progress] 40% building 75/109 modules 34 active /Users/shaojintian/VueProjects/puzzle/node_modules/core-js/internals/document-create-element.js
<s> [webpack.Progress] 40% building 75/110 modules 35 active /Users/shaojintian/VueProjects/puzzle/node_modules/core-js/internals/engine-user-agent.js
<s> [webpack.Progress] 40% building 75/111 modules 36 active /Users/shaojintian/VueProjects/puzzle/node_modules/core-js/internals/engine-is-ios.js
<s> [webpack.Progress] 40% building 75/112 modules 37 active /Users/shaojintian/VueProjects/puzzle/node_modules/core-js/internals/shared.js
<s> [webpack.Progress] 40% building 75/113 modules 38 active /Users/shaojintian/VueProjects/puzzle/node_modules/core-js/internals/uid.js
<s> [webpack.Progress] 40% building 75/114 modules 39 active /Users/shaojintian/VueProjects/puzzle/node_modules/core-js/internals/native-symbol.js
<s> [webpack.Progress] 40% building 75/115 modules 40 active /Users/shaojintian/VueProjects/puzzle/node_modules/core-js/internals/use-symbol-as-uid.js
<s> [webpack.Progress] 40% building 75/116 modules 41 active /Users/shaojintian/VueProjects/puzzle/node_modules/core-js/internals/object-keys.js
<s> [webpack.Progress] 40% building 75/117 modules 42 active /Users/shaojintian/VueProjects/puzzle/node_modules/core-js/internals/object-get-own-property-symbols.js
<s> [webpack.Progress] 40% building 75/118 modules 43 active /Users/shaojintian/VueProjects/puzzle/node_modules/core-js/internals/object-property-is-enumerable.js
<s> [webpack.Progress] 40% building 75/119 modules 44 active /Users/shaojintian/VueProjects/puzzle/node_modules/core-js/internals/to-object.js
<s> [webpack.Progress] 40% building 75/120 modules 45 active /Users/shaojintian/VueProjects/puzzle/node_modules/html-entities/lib/index.js
<s> [webpack.Progress] 40% building 75/121 modules 46 active /Users/shaojintian/VueProjects/puzzle/node_modules/node-libs-browser/node_modules/punycode/punycode.js
<s> [webpack.Progress] 40% building 76/121 modules 45 active /Users/shaojintian/VueProjects/puzzle/node_modules/node-libs-browser/node_modules/punycode/punycode.js
<s> [webpack.Progress] 40% building 77/121 modules 44 active /Users/shaojintian/VueProjects/puzzle/node_modules/node-libs-browser/node_modules/punycode/punycode.js
<s> [webpack.Progress] 40% building 78/121 modules 43 active /Users/shaojintian/VueProjects/puzzle/node_modules/node-libs-browser/node_modules/punycode/punycode.js
<s> [webpack.Progress] 40% building 79/121 modules 42 active /Users/shaojintian/VueProjects/puzzle/node_modules/node-libs-browser/node_modules/punycode/punycode.js
<s> [webpack.Progress] 40% building 80/121 modules 41 active /Users/shaojintian/VueProjects/puzzle/node_modules/node-libs-browser/node_modules/punycode/punycode.js
<s> [webpack.Progress] 40% building 80/122 modules 42 active /Users/shaojintian/VueProjects/puzzle/node_modules/css-loader/dist/runtime/api.js
<s> [webpack.Progress] 40% building 81/122 modules 41 active /Users/shaojintian/VueProjects/puzzle/node_modules/css-loader/dist/runtime/api.js
<s> [webpack.Progress] 40% building 81/123 modules 42 active /Users/shaojintian/VueProjects/puzzle/node_modules/loglevel/lib/loglevel.js
<s> [webpack.Progress] 40% building 82/123 modules 41 active /Users/shaojintian/VueProjects/puzzle/node_modules/loglevel/lib/loglevel.js
<s> [webpack.Progress] 40% building 83/123 modules 40 active /Users/shaojintian/VueProjects/puzzle/node_modules/loglevel/lib/loglevel.js
<s> [webpack.Progress] 40% building 84/123 modules 39 active /Users/shaojintian/VueProjects/puzzle/node_modules/loglevel/lib/loglevel.js
<s> [webpack.Progress] 40% building 85/123 modules 38 active /Users/shaojintian/VueProjects/puzzle/node_modules/loglevel/lib/loglevel.js
<s> [webpack.Progress] 40% building 86/123 modules 37 active /Users/shaojintian/VueProjects/puzzle/node_modules/loglevel/lib/loglevel.js
<s> [webpack.Progress] 40% building 87/123 modules 36 active /Users/shaojintian/VueProjects/puzzle/node_modules/loglevel/lib/loglevel.js
<s> [webpack.Progress] 40% building 88/123 modules 35 active /Users/shaojintian/VueProjects/puzzle/node_modules/loglevel/lib/loglevel.js
<s> [webpack.Progress] 40% building 89/123 modules 34 active /Users/shaojintian/VueProjects/puzzle/node_modules/loglevel/lib/loglevel.js
<s> [webpack.Progress] 40% building 90/123 modules 33 active /Users/shaojintian/VueProjects/puzzle/node_modules/loglevel/lib/loglevel.js
<s> [webpack.Progress] 40% building 91/123 modules 32 active /Users/shaojintian/VueProjects/puzzle/node_modules/loglevel/lib/loglevel.js
<s> [webpack.Progress] 40% building 92/123 modules 31 active /Users/shaojintian/VueProjects/puzzle/node_modules/loglevel/lib/loglevel.js
<s> [webpack.Progress] 40% building 93/123 modules 30 active /Users/shaojintian/VueProjects/puzzle/node_modules/loglevel/lib/loglevel.js
<s> [webpack.Progress] 40% building 94/123 modules 29 active /Users/shaojintian/VueProjects/puzzle/node_modules/loglevel/lib/loglevel.js
<s> [webpack.Progress] 40% building 95/123 modules 28 active /Users/shaojintian/VueProjects/puzzle/node_modules/loglevel/lib/loglevel.js
<s> [webpack.Progress] 40% building 96/123 modules 27 active /Users/shaojintian/VueProjects/puzzle/node_modules/loglevel/lib/loglevel.js
<s> [webpack.Progress] 40% building 97/123 modules 26 active /Users/shaojintian/VueProjects/puzzle/node_modules/loglevel/lib/loglevel.js
<s> [webpack.Progress] 40% building 98/123 modules 25 active /Users/shaojintian/VueProjects/puzzle/node_modules/loglevel/lib/loglevel.js
<s> [webpack.Progress] 40% building 99/123 modules 24 active /Users/shaojintian/VueProjects/puzzle/node_modules/loglevel/lib/loglevel.js
<s> [webpack.Progress] 40% building 100/123 modules 23 active /Users/shaojintian/VueProjects/puzzle/node_modules/loglevel/lib/loglevel.js
<s> [webpack.Progress] 40% building 101/123 modules 22 active /Users/shaojintian/VueProjects/puzzle/node_modules/loglevel/lib/loglevel.js
<s> [webpack.Progress] 40% building 102/123 modules 21 active /Users/shaojintian/VueProjects/puzzle/node_modules/loglevel/lib/loglevel.js
<s> [webpack.Progress] 40% building 103/123 modules 20 active /Users/shaojintian/VueProjects/puzzle/node_modules/loglevel/lib/loglevel.js
<s> [webpack.Progress] 40% building 104/123 modules 19 active /Users/shaojintian/VueProjects/puzzle/node_modules/loglevel/lib/loglevel.js
<s> [webpack.Progress] 40% building 105/123 modules 18 active /Users/shaojintian/VueProjects/puzzle/node_modules/loglevel/lib/loglevel.js
<s> [webpack.Progress] 40% building 106/123 modules 17 active /Users/shaojintian/VueProjects/puzzle/node_modules/loglevel/lib/loglevel.js
<s> [webpack.Progress] 40% building 107/123 modules 16 active /Users/shaojintian/VueProjects/puzzle/node_modules/loglevel/lib/loglevel.js
<s> [webpack.Progress] 40% building 108/123 modules 15 active /Users/shaojintian/VueProjects/puzzle/node_modules/loglevel/lib/loglevel.js
<s> [webpack.Progress] 40% building 109/123 modules 14 active /Users/shaojintian/VueProjects/puzzle/node_modules/loglevel/lib/loglevel.js
<s> [webpack.Progress] 40% building 110/123 modules 13 active /Users/shaojintian/VueProjects/puzzle/node_modules/loglevel/lib/loglevel.js
<s> [webpack.Progress] 40% building 111/123 modules 12 active /Users/shaojintian/VueProjects/puzzle/node_modules/loglevel/lib/loglevel.js
<s> [webpack.Progress] 40% building 112/123 modules 11 active /Users/shaojintian/VueProjects/puzzle/node_modules/loglevel/lib/loglevel.js
<s> [webpack.Progress] 40% building 113/123 modules 10 active /Users/shaojintian/VueProjects/puzzle/node_modules/loglevel/lib/loglevel.js
<s> [webpack.Progress] 40% building 114/123 modules 9 active /Users/shaojintian/VueProjects/puzzle/node_modules/loglevel/lib/loglevel.js
<s> [webpack.Progress] 40% building 115/123 modules 8 active /Users/shaojintian/VueProjects/puzzle/node_modules/loglevel/lib/loglevel.js
<s> [webpack.Progress] 40% building 116/123 modules 7 active /Users/shaojintian/VueProjects/puzzle/node_modules/loglevel/lib/loglevel.js
<s> [webpack.Progress] 40% building 117/123 modules 6 active /Users/shaojintian/VueProjects/puzzle/node_modules/loglevel/lib/loglevel.js
<s> [webpack.Progress] 40% building 118/123 modules 5 active /Users/shaojintian/VueProjects/puzzle/node_modules/loglevel/lib/loglevel.js
<s> [webpack.Progress] 40% building 119/123 modules 4 active /Users/shaojintian/VueProjects/puzzle/node_modules/loglevel/lib/loglevel.js
<s> [webpack.Progress] 40% building 119/124 modules 5 active /Users/shaojintian/VueProjects/puzzle/node_modules/url-loader/dist/cjs.js??ref--1-0!/Users/shaojintian/VueProjects/puzzle/src/assets/logo.png
<s> [webpack.Progress] 40% building 120/124 modules 4 active /Users/shaojintian/VueProjects/puzzle/node_modules/url-loader/dist/cjs.js??ref--1-0!/Users/shaojintian/VueProjects/puzzle/src/assets/logo.png
<s> [webpack.Progress] 40% building 121/124 modules 3 active /Users/shaojintian/VueProjects/puzzle/node_modules/url-loader/dist/cjs.js??ref--1-0!/Users/shaojintian/VueProjects/puzzle/src/assets/logo.png
<s> [webpack.Progress] 40% building 121/125 modules 4 active /Users/shaojintian/VueProjects/puzzle/node_modules/webpack/buildin/module.js
<s> [webpack.Progress] 40% building 122/125 modules 3 active /Users/shaojintian/VueProjects/puzzle/node_modules/url-loader/dist/cjs.js??ref--1-0!/Users/shaojintian/VueProjects/puzzle/src/assets/logo.png
<s> [webpack.Progress] 40% building 122/126 modules 4 active /Users/shaojintian/VueProjects/puzzle/node_modules/sockjs-client/dist/sockjs.js
<s> [webpack.Progress] 40% building 123/126 modules 3 active /Users/shaojintian/VueProjects/puzzle/node_modules/sockjs-client/dist/sockjs.js
<s> [webpack.Progress] 40% building 124/126 modules 2 active /Users/shaojintian/VueProjects/puzzle/node_modules/sockjs-client/dist/sockjs.js
<s> [webpack.Progress] 40% building 125/126 modules 1 active /Users/shaojintian/VueProjects/puzzle/node_modules/sockjs-client/dist/sockjs.js
<s> [webpack.Progress] 40% building 125/127 modules 2 active /Users/shaojintian/VueProjects/puzzle/node_modules/vue-style-loader/lib/listToStyles.js
<s> [webpack.Progress] 40% building 126/127 modules 1 active /Users/shaojintian/VueProjects/puzzle/node_modules/vue-style-loader/lib/listToStyles.js
<s> [webpack.Progress] 40% building 126/128 modules 2 active /Users/shaojintian/VueProjects/puzzle/node_modules/core-js/internals/object-define-properties.js
<s> [webpack.Progress] 40% building 126/129 modules 3 active /Users/shaojintian/VueProjects/puzzle/node_modules/core-js/internals/enum-bug-keys.js
<s> [webpack.Progress] 40% building 126/130 modules 4 active /Users/shaojintian/VueProjects/puzzle/node_modules/core-js/internals/to-primitive.js
<s> [webpack.Progress] 40% building 126/131 modules 5 active /Users/shaojintian/VueProjects/puzzle/node_modules/querystring-es3/decode.js
<s> [webpack.Progress] 40% building 126/132 modules 6 active /Users/shaojintian/VueProjects/puzzle/node_modules/core-js/internals/ie8-dom-define.js
<s> [webpack.Progress] 40% building 126/133 modules 7 active /Users/shaojintian/VueProjects/puzzle/node_modules/core-js/internals/create-property-descriptor.js
<s> [webpack.Progress] 40% building 126/134 modules 8 active /Users/shaojintian/VueProjects/puzzle/node_modules/querystring-es3/encode.js
<s> [webpack.Progress] 40% building 126/135 modules 9 active /Users/shaojintian/VueProjects/puzzle/node_modules/core-js/internals/correct-prototype-getter.js
<s> [webpack.Progress] 40% building 126/136 modules 10 active /Users/shaojintian/VueProjects/puzzle/node_modules/core-js/internals/own-keys.js
<s> [webpack.Progress] 40% building 126/137 modules 11 active /Users/shaojintian/VueProjects/puzzle/node_modules/core-js/internals/classof.js
<s> [webpack.Progress] 40% building 126/138 modules 12 active /Users/shaojintian/VueProjects/puzzle/node_modules/core-js/internals/to-integer.js
<s> [webpack.Progress] 40% building 126/139 modules 13 active /Users/shaojintian/VueProjects/puzzle/node_modules/core-js/internals/a-possible-prototype.js
<s> [webpack.Progress] 40% building 126/140 modules 14 active /Users/shaojintian/VueProjects/puzzle/node_modules/core-js/internals/object-keys-internal.js
<s> [webpack.Progress] 40% building 126/141 modules 15 active /Users/shaojintian/VueProjects/puzzle/node_modules/html-entities/lib/xml-entities.js
<s> [webpack.Progress] 40% building 126/142 modules 16 active /Users/shaojintian/VueProjects/puzzle/node_modules/html-entities/lib/html4-entities.js
<s> [webpack.Progress] 40% building 126/143 modules 17 active /Users/shaojintian/VueProjects/puzzle/node_modules/html-entities/lib/html5-entities.js
<s> [webpack.Progress] 40% building 127/143 modules 16 active /Users/shaojintian/VueProjects/puzzle/node_modules/html-entities/lib/html5-entities.js
<s> [webpack.Progress] 40% building 128/143 modules 15 active /Users/shaojintian/VueProjects/puzzle/node_modules/html-entities/lib/html5-entities.js
<s> [webpack.Progress] 40% building 129/143 modules 14 active /Users/shaojintian/VueProjects/puzzle/node_modules/html-entities/lib/html5-entities.js
<s> [webpack.Progress] 40% building 130/143 modules 13 active /Users/shaojintian/VueProjects/puzzle/node_modules/html-entities/lib/html5-entities.js
<s> [webpack.Progress] 40% building 131/143 modules 12 active /Users/shaojintian/VueProjects/puzzle/node_modules/html-entities/lib/html5-entities.js
<s> [webpack.Progress] 40% building 132/143 modules 11 active /Users/shaojintian/VueProjects/puzzle/node_modules/html-entities/lib/html5-entities.js
<s> [webpack.Progress] 40% building 133/143 modules 10 active /Users/shaojintian/VueProjects/puzzle/node_modules/html-entities/lib/html5-entities.js
<s> [webpack.Progress] 40% building 134/143 modules 9 active /Users/shaojintian/VueProjects/puzzle/node_modules/html-entities/lib/html5-entities.js
<s> [webpack.Progress] 40% building 135/143 modules 8 active /Users/shaojintian/VueProjects/puzzle/node_modules/html-entities/lib/html5-entities.js
<s> [webpack.Progress] 40% building 136/143 modules 7 active /Users/shaojintian/VueProjects/puzzle/node_modules/html-entities/lib/html5-entities.js
<s> [webpack.Progress] 40% building 137/143 modules 6 active /Users/shaojintian/VueProjects/puzzle/node_modules/html-entities/lib/html5-entities.js
<s> [webpack.Progress] 40% building 138/143 modules 5 active /Users/shaojintian/VueProjects/puzzle/node_modules/html-entities/lib/html5-entities.js
<s> [webpack.Progress] 40% building 139/143 modules 4 active /Users/shaojintian/VueProjects/puzzle/node_modules/html-entities/lib/html5-entities.js
<s> [webpack.Progress] 40% building 140/143 modules 3 active /Users/shaojintian/VueProjects/puzzle/node_modules/html-entities/lib/html5-entities.js
<s> [webpack.Progress] 40% building 141/143 modules 2 active /Users/shaojintian/VueProjects/puzzle/node_modules/html-entities/lib/html5-entities.js
<s> [webpack.Progress] 40% building 142/143 modules 1 active /Users/shaojintian/VueProjects/puzzle/node_modules/html-entities/lib/html5-entities.js
<s> [webpack.Progress] 40% building 143/143 modules 0 active 
<s> [webpack.Progress] 40% building 143/144 modules 1 active /Users/shaojintian/VueProjects/puzzle/node_modules/core-js/internals/object-get-own-property-names.js
<s> [webpack.Progress] 40% building 143/145 modules 2 active /Users/shaojintian/VueProjects/puzzle/node_modules/core-js/internals/to-string-tag-support.js
<s> [webpack.Progress] 40% building 143/146 modules 3 active /Users/shaojintian/VueProjects/puzzle/node_modules/core-js/internals/array-includes.js
<s> [webpack.Progress] 40% building 144/146 modules 2 active /Users/shaojintian/VueProjects/puzzle/node_modules/core-js/internals/array-includes.js
<s> [webpack.Progress] 40% building 145/146 modules 1 active /Users/shaojintian/VueProjects/puzzle/node_modules/core-js/internals/to-string-tag-support.js
<s> [webpack.Progress] 40% building 146/146 modules 0 active 
<s> [webpack.Progress] 40% building 146/147 modules 1 active /Users/shaojintian/VueProjects/puzzle/node_modules/webpack-dev-server/node_modules/ansi-regex/index.js
<s> [webpack.Progress] 40% building 147/147 modules 0 active 
<s> [webpack.Progress] 40% building 147/148 modules 1 active /Users/shaojintian/VueProjects/puzzle/node_modules/core-js/internals/to-absolute-index.js
<s> [webpack.Progress] 40% building 148/148 modules 0 active 
<s> [webpack.Progress] 70% building 148/148 modules 0 active 
<s> [webpack.Progress] 70% finish module graph
<s> [webpack.Progress] 70% finish module graph FlagDependencyExportsPlugin
<s> [webpack.Progress] 70% sealing
<s> [webpack.Progress] 70% sealing WarnCaseSensitiveModulesPlugin
<s> [webpack.Progress] 72% basic dependencies optimization
<s> [webpack.Progress] 72% dependencies optimization
<s> [webpack.Progress] 73% advanced dependencies optimization
<s> [webpack.Progress] 73% after dependencies optimization
<s> [webpack.Progress] 71% chunk graph
<s> [webpack.Progress] 71% after chunk graph
<s> [webpack.Progress] 71% after chunk graph WebAssemblyModulesPlugin
<s> [webpack.Progress] 74% optimizing
<s> [webpack.Progress] 74% basic module optimization
<s> [webpack.Progress] 75% module optimization
<s> [webpack.Progress] 75% advanced module optimization
<s> [webpack.Progress] 76% after module optimization
<s> [webpack.Progress] 76% basic chunk optimization
<s> [webpack.Progress] 76% basic chunk optimization EnsureChunkConditionsPlugin
<s> [webpack.Progress] 76% basic chunk optimization RemoveEmptyChunksPlugin
<s> [webpack.Progress] 76% basic chunk optimization MergeDuplicateChunksPlugin
<s> [webpack.Progress] 77% chunk optimization
<s> [webpack.Progress] 77% advanced chunk optimization
<s> [webpack.Progress] 77% advanced chunk optimization SplitChunksPlugin
<s> [webpack.Progress] 77% advanced chunk optimization RemoveEmptyChunksPlugin
<s> [webpack.Progress] 77% after chunk optimization
<s> [webpack.Progress] 78% module and chunk tree optimization
<s> [webpack.Progress] 78% after module and chunk tree optimization
<s> [webpack.Progress] 79% basic chunk modules optimization
<s> [webpack.Progress] 80% chunk modules optimization
<s> [webpack.Progress] 80% advanced chunk modules optimization
<s> [webpack.Progress] 81% after chunk modules optimization
<s> [webpack.Progress] 81% module reviving
<s> [webpack.Progress] 81% module reviving RecordIdsPlugin
<s> [webpack.Progress] 82% module order optimization
<s> [webpack.Progress] 82% advanced module order optimization
<s> [webpack.Progress] 83% before module ids
<s> [webpack.Progress] 83% before module ids NamedModulesPlugin
<s> [webpack.Progress] 83% module ids
<s> [webpack.Progress] 84% module id optimization
<s> [webpack.Progress] 84% module id optimization
<s> [webpack.Progress] 85% chunk reviving
<s> [webpack.Progress] 85% chunk reviving RecordIdsPlugin
<s> [webpack.Progress] 85% chunk order optimization
<s> [webpack.Progress] 85% chunk order optimization OccurrenceOrderChunkIdsPlugin
<s> [webpack.Progress] 86% before chunk ids
<s> [webpack.Progress] 86% before chunk ids NamedChunksPlugin
<s> [webpack.Progress] 86% chunk id optimization
<s> [webpack.Progress] 87% after chunk id optimization
<s> [webpack.Progress] 87% record modules
<s> [webpack.Progress] 87% record modules RecordIdsPlugin
<s> [webpack.Progress] 87% record chunks
<s> [webpack.Progress] 87% record chunks RecordIdsPlugin
<s> [webpack.Progress] 88% hashing
<s> [webpack.Progress] 88% after hashing
<s> [webpack.Progress] 88% after hashing HotModuleReplacementPlugin
<s> [webpack.Progress] 89% record hash
<s> [webpack.Progress] 89% module assets processing
<s> [webpack.Progress] 90% chunk assets processing
<s> [webpack.Progress] 90% additional chunk assets processing
<s> [webpack.Progress] 90% additional chunk assets processing HotModuleReplacementPlugin
<s> [webpack.Progress] 91% recording
<s> [webpack.Progress] 91% recording HotModuleReplacementPlugin
<s> [webpack.Progress] 92% additional asset processing
<s> [webpack.Progress] 92% chunk asset optimization
<s> [webpack.Progress] 93% after chunk asset optimization
<s> [webpack.Progress] 93% asset optimization
<s> [webpack.Progress] 94% after asset optimization
<s> [webpack.Progress] 94% after seal
<s> [webpack.Progress] 95% emitting
<s> [webpack.Progress] 95% emitting HtmlWebpackPlugin
<s> [webpack.Progress] 95% emitting CopyPlugin
<s> [webpack.Progress] 98% after emitting
<s> [webpack.Progress] 98% after emitting CopyPlugin
 DONE  Compiled successfully in 1155ms9:57:58 PM

<s> [webpack.Progress] 100% 


  App running at:
  - Local:   http://localhost:8082/ 
  - Network: http://192.168.0.101:8082/

  Note that the development build is not optimized.
  To create a production build, run npm run build.

